<!DOCTYPE html PUBLIC "-//W3C//DTD XHTML 1.1//EN" "http://www.w3.org/TR/xhtml11/DTD/xhtml11.dtd">
<html xmlns="http://www.w3.org/1999/xhtml"><head><title>TestNG Report</title><style type="text/css">table {margin-bottom:10px;border-collapse:collapse;empty-cells:show}th,td {border:1px solid #009;padding:.25em .5em}th {vertical-align:bottom}td {vertical-align:top}table a {font-weight:bold}.stripe td {background-color: #E6EBF9}.num {text-align:right}.passedodd td {background-color: #3F3}.passedeven td {background-color: #0A0}.skippedodd td {background-color: #DDD}.skippedeven td {background-color: #CCC}.failedodd td,.attn {background-color: #F33}.failedeven td,.stripe .attn {background-color: #D00}.stacktrace {white-space:pre;font-family:monospace}.totop {font-size:85%;text-align:center;border-bottom:2px solid #000}</style></head><body><table><tr><th>Test</th><th># Passed</th><th># Skipped</th><th># Failed</th><th>Time (ms)</th><th>Included Groups</th><th>Excluded Groups</th></tr><tr><th colspan="7">Automation Test</th></tr><tr><td><a href="#t0">Ecommerce Home</a></td><td class="num">1</td><td class="num">0</td><td class="num attn">3</td><td class="num">30,820</td><td></td><td></td></tr></table><table id='summary'><thead><tr><th>Class</th><th>Method</th><th>Start</th><th>Time (ms)</th></tr></thead><tbody><tr><th colspan="4">Automation Test</th></tr></tbody><tbody id="t0"><tr><th colspan="4">Ecommerce Home &#8212; failed</th></tr><tr class="failedeven"><td rowspan="3">page_objects_test.LoginPageTest</td><td><a href="#m0">loginTest</a></td><td rowspan="3">1589085447305</td><td rowspan="3">2555</td></tr><tr class="failedeven"><td><a href="#m1">loginTest</a></td></tr><tr class="failedeven"><td><a href="#m2">loginTest</a></td></tr><tr><th colspan="4">Ecommerce Home &#8212; passed</th></tr><tr class="passedeven"><td rowspan="1">page_objects_test.HomePageTest</td><td><a href="#m3">searchTest</a></td><td rowspan="1">1589085470109</td><td rowspan="1">1365</td></tr></tbody></table><h2>Ecommerce Home</h2><h3 id="m0">page_objects_test.LoginPageTest#loginTest</h3><table class="result"><tr class="param"><th>Parameter #1</th><th>Parameter #2</th><th>Parameter #3</th></tr><tr class="param stripe"><td>abc@gmail.com</td><td>helloworld123</td><td>This is test data 1</td></tr><tr><th colspan="3">Messages</th></tr><tr><td colspan="3"><div class="messages">CLick Sign In Button<br/>Clicked Sign In Button<br/>Send text to email address box<br/>Text Sent to email address box<br/>Send text to password box<br/>Text Sent to password box<br/>CLick submit button<br/>Clicked submit button<br/>Getting Text from errorMessage<br/>Actual text: There is 1 error</div></td></tr><tr><th colspan="3">Exception</th></tr><tr><td colspan="3"><div class="stacktrace">java.lang.AssertionError: expected [This is test data 1] but found [There is 1 error]
	at page_objects_test.LoginPageTest.loginTest(LoginPageTest.java:52)
... Removed 34 stack frames</div></td></tr></table><p class="totop"><a href="#summary">back to summary</a></p><h3 id="m1">page_objects_test.LoginPageTest#loginTest</h3><table class="result"><tr class="param"><th>Parameter #1</th><th>Parameter #2</th><th>Parameter #3</th></tr><tr class="param stripe"><td>mno@gmail.com</td><td>hieveryone321</td><td>This is test data 2</td></tr><tr><th colspan="3">Messages</th></tr><tr><td colspan="3"><div class="messages">CLick Sign In Button<br/>Clicked Sign In Button<br/>Send text to email address box<br/>Text Sent to email address box<br/>Send text to password box<br/>Text Sent to password box<br/>CLick submit button<br/>Clicked submit button<br/>Getting Text from errorMessage<br/>Actual text: There is 1 error</div></td></tr><tr><th colspan="3">Exception</th></tr><tr><td colspan="3"><div class="stacktrace">java.lang.AssertionError: expected [This is test data 2] but found [There is 1 error]
	at page_objects_test.LoginPageTest.loginTest(LoginPageTest.java:52)
... Removed 34 stack frames</div></td></tr></table><p class="totop"><a href="#summary">back to summary</a></p><h3 id="m2">page_objects_test.LoginPageTest#loginTest</h3><table class="result"><tr class="param"><th>Parameter #1</th><th>Parameter #2</th><th>Parameter #3</th></tr><tr class="param stripe"><td>xzy@hotmail.com</td><td>hello123</td><td>This is test data 3</td></tr><tr><th colspan="3">Messages</th></tr><tr><td colspan="3"><div class="messages">CLick Sign In Button<br/>Clicked Sign In Button<br/>Send text to email address box<br/>Text Sent to email address box<br/>Send text to password box<br/>Text Sent to password box<br/>CLick submit button<br/>Clicked submit button<br/>Getting Text from errorMessage<br/>Actual text: There is 1 error</div></td></tr><tr><th colspan="3">Exception</th></tr><tr><td colspan="3"><div class="stacktrace">java.lang.AssertionError: expected [This is test data 3] but found [There is 1 error]
	at page_objects_test.LoginPageTest.loginTest(LoginPageTest.java:52)
... Removed 34 stack frames</div></td></tr></table><p class="totop"><a href="#summary">back to summary</a></p><h3 id="m3">page_objects_test.HomePageTest#searchTest</h3><table class="result"></table><p class="totop"><a href="#summary">back to summary</a></p></body></html>