<?xml version="1.0" encoding="UTF-8"?>
<testng-results ignored="2" total="6" passed="1" failed="3" skipped="0">
  <reporter-output>
    <line>
      <![CDATA[Extent Report Directory: /Users/kawsar/Desktop/Projects/WebAutomation/automation_practice/target/surefire-reports/html]]>
    </line>
    <line>
      <![CDATA[CLick Sign In Button]]>
    </line>
    <line>
      <![CDATA[Clicked Sign In Button]]>
    </line>
    <line>
      <![CDATA[Send text to email address box]]>
    </line>
    <line>
      <![CDATA[Text Sent to email address box]]>
    </line>
    <line>
      <![CDATA[Send text to password box]]>
    </line>
    <line>
      <![CDATA[Text Sent to password box]]>
    </line>
    <line>
      <![CDATA[CLick submit button]]>
    </line>
    <line>
      <![CDATA[Clicked submit button]]>
    </line>
    <line>
      <![CDATA[Getting Text from errorMessage]]>
    </line>
    <line>
      <![CDATA[Actual text: There is 1 error]]>
    </line>
    <line>
      <![CDATA[CLick Sign In Button]]>
    </line>
    <line>
      <![CDATA[Clicked Sign In Button]]>
    </line>
    <line>
      <![CDATA[Send text to email address box]]>
    </line>
    <line>
      <![CDATA[Text Sent to email address box]]>
    </line>
    <line>
      <![CDATA[Send text to password box]]>
    </line>
    <line>
      <![CDATA[Text Sent to password box]]>
    </line>
    <line>
      <![CDATA[CLick submit button]]>
    </line>
    <line>
      <![CDATA[Clicked submit button]]>
    </line>
    <line>
      <![CDATA[Getting Text from errorMessage]]>
    </line>
    <line>
      <![CDATA[Actual text: There is 1 error]]>
    </line>
    <line>
      <![CDATA[CLick Sign In Button]]>
    </line>
    <line>
      <![CDATA[Clicked Sign In Button]]>
    </line>
    <line>
      <![CDATA[Send text to email address box]]>
    </line>
    <line>
      <![CDATA[Text Sent to email address box]]>
    </line>
    <line>
      <![CDATA[Send text to password box]]>
    </line>
    <line>
      <![CDATA[Text Sent to password box]]>
    </line>
    <line>
      <![CDATA[CLick submit button]]>
    </line>
    <line>
      <![CDATA[Clicked submit button]]>
    </line>
    <line>
      <![CDATA[Getting Text from errorMessage]]>
    </line>
    <line>
      <![CDATA[Actual text: There is 1 error]]>
    </line>
  </reporter-output>
  <suite started-at="2020-05-13T21:17:09Z" name="Automation Test" finished-at="2020-05-13T21:17:56Z" duration-ms="47405">
    <groups>
    </groups>
    <test started-at="2020-05-13T21:17:09Z" name="Ecommerce Home" finished-at="2020-05-13T21:17:56Z" duration-ms="47405">
      <class name="page_objects_test.HomePageTest">
        <test-method is-config="true" signature="setUp(boolean, java.lang.String, java.lang.String, java.lang.String, java.lang.String, java.lang.String, java.lang.String)[pri:0, instance:page_objects_test.HomePageTest@1da51a35]" started-at="2020-05-13T17:17:49Z" name="setUp" finished-at="2020-05-13T17:17:54Z" duration-ms="5257" status="PASS">
          <params>
            <param index="0">
              <value>
                <![CDATA[false]]>
              </value>
            </param>
            <param index="1">
              <value>
                <![CDATA[browserstack]]>
              </value>
            </param>
            <param index="2">
              <value>
                <![CDATA[mac]]>
              </value>
            </param>
            <param index="3">
              <value>
                <![CDATA[Mojave]]>
              </value>
            </param>
            <param index="4">
              <value>
                <![CDATA[chrome]]>
              </value>
            </param>
            <param index="5">
              <value>
                <![CDATA[81.0]]>
              </value>
            </param>
            <param index="6">
              <value>
                <![CDATA[http://automationpractice.com]]>
              </value>
            </param>
          </params>
          <reporter-output>
          </reporter-output>
        </test-method> <!-- setUp -->
        <test-method is-config="true" signature="startExtent(java.lang.reflect.Method)[pri:0, instance:page_objects_test.HomePageTest@1da51a35]" started-at="2020-05-13T17:17:54Z" name="startExtent" finished-at="2020-05-13T17:17:54Z" duration-ms="1" status="PASS">
          <params>
            <param index="0">
              <value>
                <![CDATA[public void page_objects_test.HomePageTest.searchTest() throws java.lang.InterruptedException]]>
              </value>
            </param>
          </params>
          <reporter-output>
          </reporter-output>
        </test-method> <!-- startExtent -->
        <test-method is-config="true" signature="initialiseElements()[pri:0, instance:page_objects_test.HomePageTest@1da51a35]" started-at="2020-05-13T17:17:54Z" name="initialiseElements" finished-at="2020-05-13T17:17:54Z" duration-ms="1" status="PASS">
          <reporter-output>
          </reporter-output>
        </test-method> <!-- initialiseElements -->
        <test-method signature="searchTest()[pri:0, instance:page_objects_test.HomePageTest@1da51a35]" started-at="2020-05-13T17:17:54Z" name="searchTest" finished-at="2020-05-13T17:17:56Z" duration-ms="1665" status="PASS">
          <reporter-output>
          </reporter-output>
        </test-method> <!-- searchTest -->
        <test-method is-config="true" signature="afterEachTestMethod(org.testng.ITestResult)[pri:0, instance:page_objects_test.HomePageTest@1da51a35]" started-at="2020-05-13T17:17:56Z" name="afterEachTestMethod" finished-at="2020-05-13T17:17:56Z" duration-ms="183" status="PASS">
          <params>
            <param index="0">
              <value>
                <![CDATA[[TestResult name=searchTest status=SUCCESS method=HomePageTest.searchTest()[pri:0, instance:page_objects_test.HomePageTest@1da51a35] output={null}]]]>
              </value>
            </param>
          </params>
          <reporter-output>
          </reporter-output>
        </test-method> <!-- afterEachTestMethod -->
        <test-method is-config="true" signature="closeOut()[pri:0, instance:page_objects_test.HomePageTest@1da51a35]" started-at="2020-05-13T17:17:56Z" name="closeOut" finished-at="2020-05-13T17:17:56Z" duration-ms="0" status="PASS">
          <reporter-output>
          </reporter-output>
        </test-method> <!-- closeOut -->
      </class> <!-- page_objects_test.HomePageTest -->
      <class name="page_objects_test.LoginPageTest">
        <test-method is-config="true" signature="extentSetup(org.testng.ITestContext)[pri:0, instance:page_objects_test.LoginPageTest@6d3af739]" started-at="2020-05-13T17:17:08Z" name="extentSetup" finished-at="2020-05-13T17:17:09Z" duration-ms="487" status="PASS">
          <params>
            <param index="0">
              <value>
                <![CDATA[org.testng.TestRunner@64693226]]>
              </value>
            </param>
          </params>
          <reporter-output>
            <line>
              <![CDATA[Extent Report Directory: /Users/kawsar/Desktop/Projects/WebAutomation/automation_practice/target/surefire-reports/html]]>
            </line>
          </reporter-output>
        </test-method> <!-- extentSetup -->
        <test-method is-config="true" signature="setUp(boolean, java.lang.String, java.lang.String, java.lang.String, java.lang.String, java.lang.String, java.lang.String)[pri:0, instance:page_objects_test.LoginPageTest@6d3af739]" started-at="2020-05-13T17:17:10Z" name="setUp" finished-at="2020-05-13T17:17:18Z" duration-ms="8243" status="PASS">
          <params>
            <param index="0">
              <value>
                <![CDATA[false]]>
              </value>
            </param>
            <param index="1">
              <value>
                <![CDATA[browserstack]]>
              </value>
            </param>
            <param index="2">
              <value>
                <![CDATA[mac]]>
              </value>
            </param>
            <param index="3">
              <value>
                <![CDATA[Mojave]]>
              </value>
            </param>
            <param index="4">
              <value>
                <![CDATA[chrome]]>
              </value>
            </param>
            <param index="5">
              <value>
                <![CDATA[81.0]]>
              </value>
            </param>
            <param index="6">
              <value>
                <![CDATA[http://automationpractice.com]]>
              </value>
            </param>
          </params>
          <reporter-output>
          </reporter-output>
        </test-method> <!-- setUp -->
        <test-method is-config="true" signature="startExtent(java.lang.reflect.Method)[pri:0, instance:page_objects_test.LoginPageTest@6d3af739]" started-at="2020-05-13T17:17:18Z" name="startExtent" finished-at="2020-05-13T17:17:18Z" duration-ms="11" status="PASS">
          <params>
            <param index="0">
              <value>
                <![CDATA[public void page_objects_test.LoginPageTest.loginTest(java.lang.String,java.lang.String,java.lang.String)]]>
              </value>
            </param>
          </params>
          <reporter-output>
          </reporter-output>
        </test-method> <!-- startExtent -->
        <test-method is-config="true" signature="initializationOfElements()[pri:0, instance:page_objects_test.LoginPageTest@6d3af739]" started-at="2020-05-13T17:17:18Z" name="initializationOfElements" finished-at="2020-05-13T17:17:18Z" duration-ms="61" status="PASS">
          <reporter-output>
          </reporter-output>
        </test-method> <!-- initializationOfElements -->
        <test-method signature="loginTest(java.lang.String, java.lang.String, java.lang.String)[pri:0, instance:page_objects_test.LoginPageTest@6d3af739]" started-at="2020-05-13T17:17:18Z" name="loginTest" data-provider="readData" finished-at="2020-05-13T17:17:31Z" duration-ms="13142" status="FAIL">
          <params>
            <param index="0">
              <value>
                <![CDATA[abc@gmail.com]]>
              </value>
            </param>
            <param index="1">
              <value>
                <![CDATA[helloworld123]]>
              </value>
            </param>
            <param index="2">
              <value>
                <![CDATA[This is test data 1]]>
              </value>
            </param>
          </params>
          <exception class="java.lang.AssertionError">
            <message>
              <![CDATA[expected [This is test data 1] but found [There is 1 error]]]>
            </message>
            <full-stacktrace>
              <![CDATA[java.lang.AssertionError: expected [This is test data 1] but found [There is 1 error]
	at org.testng.Assert.fail(Assert.java:93)
	at org.testng.Assert.failNotEquals(Assert.java:512)
	at org.testng.Assert.assertEqualsImpl(Assert.java:134)
	at org.testng.Assert.assertEquals(Assert.java:115)
	at org.testng.Assert.assertEquals(Assert.java:189)
	at org.testng.Assert.assertEquals(Assert.java:199)
	at page_objects_test.LoginPageTest.loginTest(LoginPageTest.java:50)
	at java.base/jdk.internal.reflect.NativeMethodAccessorImpl.invoke0(Native Method)
	at java.base/jdk.internal.reflect.NativeMethodAccessorImpl.invoke(NativeMethodAccessorImpl.java:62)
	at java.base/jdk.internal.reflect.DelegatingMethodAccessorImpl.invoke(DelegatingMethodAccessorImpl.java:43)
	at java.base/java.lang.reflect.Method.invoke(Method.java:567)
	at org.testng.internal.MethodInvocationHelper.invokeMethod(MethodInvocationHelper.java:108)
	at org.testng.internal.Invoker.invokeMethod(Invoker.java:661)
	at org.testng.internal.Invoker.invokeTestMethod(Invoker.java:869)
	at org.testng.internal.Invoker.invokeTestMethods(Invoker.java:1193)
	at org.testng.internal.TestMethodWorker.invokeTestMethods(TestMethodWorker.java:126)
	at org.testng.internal.TestMethodWorker.run(TestMethodWorker.java:109)
	at org.testng.TestRunner.privateRun(TestRunner.java:744)
	at org.testng.TestRunner.run(TestRunner.java:602)
	at org.testng.SuiteRunner.runTest(SuiteRunner.java:380)
	at org.testng.SuiteRunner.runSequentially(SuiteRunner.java:375)
	at org.testng.SuiteRunner.privateRun(SuiteRunner.java:340)
	at org.testng.SuiteRunner.run(SuiteRunner.java:289)
	at org.testng.SuiteRunnerWorker.runSuite(SuiteRunnerWorker.java:52)
	at org.testng.SuiteRunnerWorker.run(SuiteRunnerWorker.java:86)
	at org.testng.TestNG.runSuitesSequentially(TestNG.java:1301)
	at org.testng.TestNG.runSuitesLocally(TestNG.java:1226)
	at org.testng.TestNG.runSuites(TestNG.java:1144)
	at org.testng.TestNG.run(TestNG.java:1115)
	at org.apache.maven.surefire.testng.TestNGExecutor.run(TestNGExecutor.java:281)
	at org.apache.maven.surefire.testng.TestNGXmlTestSuite.execute(TestNGXmlTestSuite.java:75)
	at org.apache.maven.surefire.testng.TestNGProvider.invoke(TestNGProvider.java:121)
	at org.apache.maven.surefire.booter.ForkedBooter.invokeProviderInSameClassLoader(ForkedBooter.java:290)
	at org.apache.maven.surefire.booter.ForkedBooter.runSuitesInProcess(ForkedBooter.java:242)
	at org.apache.maven.surefire.booter.ForkedBooter.main(ForkedBooter.java:121)
]]>
            </full-stacktrace>
          </exception> <!-- java.lang.AssertionError -->
          <reporter-output>
            <line>
              <![CDATA[CLick Sign In Button]]>
            </line>
            <line>
              <![CDATA[Clicked Sign In Button]]>
            </line>
            <line>
              <![CDATA[Send text to email address box]]>
            </line>
            <line>
              <![CDATA[Text Sent to email address box]]>
            </line>
            <line>
              <![CDATA[Send text to password box]]>
            </line>
            <line>
              <![CDATA[Text Sent to password box]]>
            </line>
            <line>
              <![CDATA[CLick submit button]]>
            </line>
            <line>
              <![CDATA[Clicked submit button]]>
            </line>
            <line>
              <![CDATA[Getting Text from errorMessage]]>
            </line>
            <line>
              <![CDATA[Actual text: There is 1 error]]>
            </line>
          </reporter-output>
        </test-method> <!-- loginTest -->
        <test-method is-config="true" signature="afterEachTestMethod(org.testng.ITestResult)[pri:0, instance:page_objects_test.LoginPageTest@6d3af739]" started-at="2020-05-13T17:17:31Z" name="afterEachTestMethod" finished-at="2020-05-13T17:17:32Z" duration-ms="987" status="PASS">
          <params>
            <param index="0">
              <value>
                <![CDATA[[TestResult name=loginTest status=FAILURE method=LoginPageTest.loginTest(java.lang.String, java.lang.String, java.lang.String)[pri:0, instance:page_objects_test.LoginPageTest@6d3af739] output=CLick Sign In Button]]]>
              </value>
            </param>
          </params>
          <reporter-output>
          </reporter-output>
        </test-method> <!-- afterEachTestMethod -->
        <test-method is-config="true" signature="closeOut()[pri:0, instance:page_objects_test.LoginPageTest@6d3af739]" started-at="2020-05-13T17:17:32Z" name="closeOut" finished-at="2020-05-13T17:17:32Z" duration-ms="0" status="PASS">
          <reporter-output>
          </reporter-output>
        </test-method> <!-- closeOut -->
        <test-method is-config="true" signature="setUp(boolean, java.lang.String, java.lang.String, java.lang.String, java.lang.String, java.lang.String, java.lang.String)[pri:0, instance:page_objects_test.LoginPageTest@6d3af739]" started-at="2020-05-13T17:17:32Z" name="setUp" finished-at="2020-05-13T17:17:37Z" duration-ms="5009" status="PASS">
          <params>
            <param index="0">
              <value>
                <![CDATA[false]]>
              </value>
            </param>
            <param index="1">
              <value>
                <![CDATA[browserstack]]>
              </value>
            </param>
            <param index="2">
              <value>
                <![CDATA[mac]]>
              </value>
            </param>
            <param index="3">
              <value>
                <![CDATA[Mojave]]>
              </value>
            </param>
            <param index="4">
              <value>
                <![CDATA[chrome]]>
              </value>
            </param>
            <param index="5">
              <value>
                <![CDATA[81.0]]>
              </value>
            </param>
            <param index="6">
              <value>
                <![CDATA[http://automationpractice.com]]>
              </value>
            </param>
          </params>
          <reporter-output>
          </reporter-output>
        </test-method> <!-- setUp -->
        <test-method is-config="true" signature="startExtent(java.lang.reflect.Method)[pri:0, instance:page_objects_test.LoginPageTest@6d3af739]" started-at="2020-05-13T17:17:37Z" name="startExtent" finished-at="2020-05-13T17:17:37Z" duration-ms="1" status="PASS">
          <params>
            <param index="0">
              <value>
                <![CDATA[public void page_objects_test.LoginPageTest.loginTest(java.lang.String,java.lang.String,java.lang.String)]]>
              </value>
            </param>
          </params>
          <reporter-output>
          </reporter-output>
        </test-method> <!-- startExtent -->
        <test-method is-config="true" signature="initializationOfElements()[pri:0, instance:page_objects_test.LoginPageTest@6d3af739]" started-at="2020-05-13T17:17:37Z" name="initializationOfElements" finished-at="2020-05-13T17:17:37Z" duration-ms="2" status="PASS">
          <reporter-output>
          </reporter-output>
        </test-method> <!-- initializationOfElements -->
        <test-method signature="loginTest(java.lang.String, java.lang.String, java.lang.String)[pri:0, instance:page_objects_test.LoginPageTest@6d3af739]" started-at="2020-05-13T17:17:37Z" name="loginTest" data-provider="readData" finished-at="2020-05-13T17:17:40Z" duration-ms="2755" status="FAIL">
          <params>
            <param index="0">
              <value>
                <![CDATA[mno@gmail.com]]>
              </value>
            </param>
            <param index="1">
              <value>
                <![CDATA[hieveryone321]]>
              </value>
            </param>
            <param index="2">
              <value>
                <![CDATA[This is test data 2]]>
              </value>
            </param>
          </params>
          <exception class="java.lang.AssertionError">
            <message>
              <![CDATA[expected [This is test data 2] but found [There is 1 error]]]>
            </message>
            <full-stacktrace>
              <![CDATA[java.lang.AssertionError: expected [This is test data 2] but found [There is 1 error]
	at org.testng.Assert.fail(Assert.java:93)
	at org.testng.Assert.failNotEquals(Assert.java:512)
	at org.testng.Assert.assertEqualsImpl(Assert.java:134)
	at org.testng.Assert.assertEquals(Assert.java:115)
	at org.testng.Assert.assertEquals(Assert.java:189)
	at org.testng.Assert.assertEquals(Assert.java:199)
	at page_objects_test.LoginPageTest.loginTest(LoginPageTest.java:50)
	at java.base/jdk.internal.reflect.NativeMethodAccessorImpl.invoke0(Native Method)
	at java.base/jdk.internal.reflect.NativeMethodAccessorImpl.invoke(NativeMethodAccessorImpl.java:62)
	at java.base/jdk.internal.reflect.DelegatingMethodAccessorImpl.invoke(DelegatingMethodAccessorImpl.java:43)
	at java.base/java.lang.reflect.Method.invoke(Method.java:567)
	at org.testng.internal.MethodInvocationHelper.invokeMethod(MethodInvocationHelper.java:108)
	at org.testng.internal.Invoker.invokeMethod(Invoker.java:661)
	at org.testng.internal.Invoker.invokeTestMethod(Invoker.java:869)
	at org.testng.internal.Invoker.invokeTestMethods(Invoker.java:1193)
	at org.testng.internal.TestMethodWorker.invokeTestMethods(TestMethodWorker.java:126)
	at org.testng.internal.TestMethodWorker.run(TestMethodWorker.java:109)
	at org.testng.TestRunner.privateRun(TestRunner.java:744)
	at org.testng.TestRunner.run(TestRunner.java:602)
	at org.testng.SuiteRunner.runTest(SuiteRunner.java:380)
	at org.testng.SuiteRunner.runSequentially(SuiteRunner.java:375)
	at org.testng.SuiteRunner.privateRun(SuiteRunner.java:340)
	at org.testng.SuiteRunner.run(SuiteRunner.java:289)
	at org.testng.SuiteRunnerWorker.runSuite(SuiteRunnerWorker.java:52)
	at org.testng.SuiteRunnerWorker.run(SuiteRunnerWorker.java:86)
	at org.testng.TestNG.runSuitesSequentially(TestNG.java:1301)
	at org.testng.TestNG.runSuitesLocally(TestNG.java:1226)
	at org.testng.TestNG.runSuites(TestNG.java:1144)
	at org.testng.TestNG.run(TestNG.java:1115)
	at org.apache.maven.surefire.testng.TestNGExecutor.run(TestNGExecutor.java:281)
	at org.apache.maven.surefire.testng.TestNGXmlTestSuite.execute(TestNGXmlTestSuite.java:75)
	at org.apache.maven.surefire.testng.TestNGProvider.invoke(TestNGProvider.java:121)
	at org.apache.maven.surefire.booter.ForkedBooter.invokeProviderInSameClassLoader(ForkedBooter.java:290)
	at org.apache.maven.surefire.booter.ForkedBooter.runSuitesInProcess(ForkedBooter.java:242)
	at org.apache.maven.surefire.booter.ForkedBooter.main(ForkedBooter.java:121)
]]>
            </full-stacktrace>
          </exception> <!-- java.lang.AssertionError -->
          <reporter-output>
            <line>
              <![CDATA[CLick Sign In Button]]>
            </line>
            <line>
              <![CDATA[Clicked Sign In Button]]>
            </line>
            <line>
              <![CDATA[Send text to email address box]]>
            </line>
            <line>
              <![CDATA[Text Sent to email address box]]>
            </line>
            <line>
              <![CDATA[Send text to password box]]>
            </line>
            <line>
              <![CDATA[Text Sent to password box]]>
            </line>
            <line>
              <![CDATA[CLick submit button]]>
            </line>
            <line>
              <![CDATA[Clicked submit button]]>
            </line>
            <line>
              <![CDATA[Getting Text from errorMessage]]>
            </line>
            <line>
              <![CDATA[Actual text: There is 1 error]]>
            </line>
          </reporter-output>
        </test-method> <!-- loginTest -->
        <test-method is-config="true" signature="afterEachTestMethod(org.testng.ITestResult)[pri:0, instance:page_objects_test.LoginPageTest@6d3af739]" started-at="2020-05-13T17:17:40Z" name="afterEachTestMethod" finished-at="2020-05-13T17:17:40Z" duration-ms="691" status="PASS">
          <params>
            <param index="0">
              <value>
                <![CDATA[[TestResult name=loginTest status=FAILURE method=LoginPageTest.loginTest(java.lang.String, java.lang.String, java.lang.String)[pri:0, instance:page_objects_test.LoginPageTest@6d3af739] output=CLick Sign In Button]]]>
              </value>
            </param>
          </params>
          <reporter-output>
          </reporter-output>
        </test-method> <!-- afterEachTestMethod -->
        <test-method is-config="true" signature="closeOut()[pri:0, instance:page_objects_test.LoginPageTest@6d3af739]" started-at="2020-05-13T17:17:40Z" name="closeOut" finished-at="2020-05-13T17:17:40Z" duration-ms="1" status="PASS">
          <reporter-output>
          </reporter-output>
        </test-method> <!-- closeOut -->
        <test-method is-config="true" signature="setUp(boolean, java.lang.String, java.lang.String, java.lang.String, java.lang.String, java.lang.String, java.lang.String)[pri:0, instance:page_objects_test.LoginPageTest@6d3af739]" started-at="2020-05-13T17:17:40Z" name="setUp" finished-at="2020-05-13T17:17:46Z" duration-ms="5404" status="PASS">
          <params>
            <param index="0">
              <value>
                <![CDATA[false]]>
              </value>
            </param>
            <param index="1">
              <value>
                <![CDATA[browserstack]]>
              </value>
            </param>
            <param index="2">
              <value>
                <![CDATA[mac]]>
              </value>
            </param>
            <param index="3">
              <value>
                <![CDATA[Mojave]]>
              </value>
            </param>
            <param index="4">
              <value>
                <![CDATA[chrome]]>
              </value>
            </param>
            <param index="5">
              <value>
                <![CDATA[81.0]]>
              </value>
            </param>
            <param index="6">
              <value>
                <![CDATA[http://automationpractice.com]]>
              </value>
            </param>
          </params>
          <reporter-output>
          </reporter-output>
        </test-method> <!-- setUp -->
        <test-method is-config="true" signature="startExtent(java.lang.reflect.Method)[pri:0, instance:page_objects_test.LoginPageTest@6d3af739]" started-at="2020-05-13T17:17:46Z" name="startExtent" finished-at="2020-05-13T17:17:46Z" duration-ms="2" status="PASS">
          <params>
            <param index="0">
              <value>
                <![CDATA[public void page_objects_test.LoginPageTest.loginTest(java.lang.String,java.lang.String,java.lang.String)]]>
              </value>
            </param>
          </params>
          <reporter-output>
          </reporter-output>
        </test-method> <!-- startExtent -->
        <test-method is-config="true" signature="initializationOfElements()[pri:0, instance:page_objects_test.LoginPageTest@6d3af739]" started-at="2020-05-13T17:17:46Z" name="initializationOfElements" finished-at="2020-05-13T17:17:46Z" duration-ms="1" status="PASS">
          <reporter-output>
          </reporter-output>
        </test-method> <!-- initializationOfElements -->
        <test-method signature="loginTest(java.lang.String, java.lang.String, java.lang.String)[pri:0, instance:page_objects_test.LoginPageTest@6d3af739]" started-at="2020-05-13T17:17:46Z" name="loginTest" data-provider="readData" finished-at="2020-05-13T17:17:48Z" duration-ms="2574" status="FAIL">
          <params>
            <param index="0">
              <value>
                <![CDATA[xzy@hotmail.com]]>
              </value>
            </param>
            <param index="1">
              <value>
                <![CDATA[hello123]]>
              </value>
            </param>
            <param index="2">
              <value>
                <![CDATA[This is test data 3]]>
              </value>
            </param>
          </params>
          <exception class="java.lang.AssertionError">
            <message>
              <![CDATA[expected [This is test data 3] but found [There is 1 error]]]>
            </message>
            <full-stacktrace>
              <![CDATA[java.lang.AssertionError: expected [This is test data 3] but found [There is 1 error]
	at org.testng.Assert.fail(Assert.java:93)
	at org.testng.Assert.failNotEquals(Assert.java:512)
	at org.testng.Assert.assertEqualsImpl(Assert.java:134)
	at org.testng.Assert.assertEquals(Assert.java:115)
	at org.testng.Assert.assertEquals(Assert.java:189)
	at org.testng.Assert.assertEquals(Assert.java:199)
	at page_objects_test.LoginPageTest.loginTest(LoginPageTest.java:50)
	at java.base/jdk.internal.reflect.NativeMethodAccessorImpl.invoke0(Native Method)
	at java.base/jdk.internal.reflect.NativeMethodAccessorImpl.invoke(NativeMethodAccessorImpl.java:62)
	at java.base/jdk.internal.reflect.DelegatingMethodAccessorImpl.invoke(DelegatingMethodAccessorImpl.java:43)
	at java.base/java.lang.reflect.Method.invoke(Method.java:567)
	at org.testng.internal.MethodInvocationHelper.invokeMethod(MethodInvocationHelper.java:108)
	at org.testng.internal.Invoker.invokeMethod(Invoker.java:661)
	at org.testng.internal.Invoker.invokeTestMethod(Invoker.java:869)
	at org.testng.internal.Invoker.invokeTestMethods(Invoker.java:1193)
	at org.testng.internal.TestMethodWorker.invokeTestMethods(TestMethodWorker.java:126)
	at org.testng.internal.TestMethodWorker.run(TestMethodWorker.java:109)
	at org.testng.TestRunner.privateRun(TestRunner.java:744)
	at org.testng.TestRunner.run(TestRunner.java:602)
	at org.testng.SuiteRunner.runTest(SuiteRunner.java:380)
	at org.testng.SuiteRunner.runSequentially(SuiteRunner.java:375)
	at org.testng.SuiteRunner.privateRun(SuiteRunner.java:340)
	at org.testng.SuiteRunner.run(SuiteRunner.java:289)
	at org.testng.SuiteRunnerWorker.runSuite(SuiteRunnerWorker.java:52)
	at org.testng.SuiteRunnerWorker.run(SuiteRunnerWorker.java:86)
	at org.testng.TestNG.runSuitesSequentially(TestNG.java:1301)
	at org.testng.TestNG.runSuitesLocally(TestNG.java:1226)
	at org.testng.TestNG.runSuites(TestNG.java:1144)
	at org.testng.TestNG.run(TestNG.java:1115)
	at org.apache.maven.surefire.testng.TestNGExecutor.run(TestNGExecutor.java:281)
	at org.apache.maven.surefire.testng.TestNGXmlTestSuite.execute(TestNGXmlTestSuite.java:75)
	at org.apache.maven.surefire.testng.TestNGProvider.invoke(TestNGProvider.java:121)
	at org.apache.maven.surefire.booter.ForkedBooter.invokeProviderInSameClassLoader(ForkedBooter.java:290)
	at org.apache.maven.surefire.booter.ForkedBooter.runSuitesInProcess(ForkedBooter.java:242)
	at org.apache.maven.surefire.booter.ForkedBooter.main(ForkedBooter.java:121)
]]>
            </full-stacktrace>
          </exception> <!-- java.lang.AssertionError -->
          <reporter-output>
            <line>
              <![CDATA[CLick Sign In Button]]>
            </line>
            <line>
              <![CDATA[Clicked Sign In Button]]>
            </line>
            <line>
              <![CDATA[Send text to email address box]]>
            </line>
            <line>
              <![CDATA[Text Sent to email address box]]>
            </line>
            <line>
              <![CDATA[Send text to password box]]>
            </line>
            <line>
              <![CDATA[Text Sent to password box]]>
            </line>
            <line>
              <![CDATA[CLick submit button]]>
            </line>
            <line>
              <![CDATA[Clicked submit button]]>
            </line>
            <line>
              <![CDATA[Getting Text from errorMessage]]>
            </line>
            <line>
              <![CDATA[Actual text: There is 1 error]]>
            </line>
          </reporter-output>
        </test-method> <!-- loginTest -->
        <test-method is-config="true" signature="afterEachTestMethod(org.testng.ITestResult)[pri:0, instance:page_objects_test.LoginPageTest@6d3af739]" started-at="2020-05-13T17:17:48Z" name="afterEachTestMethod" finished-at="2020-05-13T17:17:49Z" duration-ms="568" status="PASS">
          <params>
            <param index="0">
              <value>
                <![CDATA[[TestResult name=loginTest status=FAILURE method=LoginPageTest.loginTest(java.lang.String, java.lang.String, java.lang.String)[pri:0, instance:page_objects_test.LoginPageTest@6d3af739] output=CLick Sign In Button]]]>
              </value>
            </param>
          </params>
          <reporter-output>
          </reporter-output>
        </test-method> <!-- afterEachTestMethod -->
        <test-method is-config="true" signature="closeOut()[pri:0, instance:page_objects_test.LoginPageTest@6d3af739]" started-at="2020-05-13T17:17:49Z" name="closeOut" finished-at="2020-05-13T17:17:49Z" duration-ms="1" status="PASS">
          <reporter-output>
          </reporter-output>
        </test-method> <!-- closeOut -->
        <test-method is-config="true" signature="generateReport()[pri:0, instance:page_objects_test.LoginPageTest@6d3af739]" started-at="2020-05-13T17:17:56Z" name="generateReport" finished-at="2020-05-13T17:17:56Z" duration-ms="64" status="PASS">
          <reporter-output>
          </reporter-output>
        </test-method> <!-- generateReport -->
      </class> <!-- page_objects_test.LoginPageTest -->
    </test> <!-- Ecommerce Home -->
  </suite> <!-- Automation Test -->
</testng-results>
