<?xml version="1.0" encoding="UTF-8"?>
<!-- Generated by org.testng.reporters.JUnitXMLReporter -->
<testsuite ignored="2" hostname="Mohammads-MacBook-Air.local" failures="3" tests="4" name="Ecommerce Home" time="47.405" errors="0" timestamp="13 May 2020 21:17:56 GMT">
  <testcase classname="page_objects_test.LoginPageTest" name="loginTest" time="13.142">
    <failure type="java.lang.AssertionError" message="expected [This is test data 1] but found [There is 1 error]">
      <![CDATA[java.lang.AssertionError: expected [This is test data 1] but found [There is 1 error]
	at page_objects_test.LoginPageTest.loginTest(LoginPageTest.java:50)
... Removed 34 stack frames]]>
    </failure>
  </testcase> <!-- loginTest -->
  <testcase classname="page_objects_test.LoginPageTest" name="loginTest" time="2.755">
    <failure type="java.lang.AssertionError" message="expected [This is test data 2] but found [There is 1 error]">
      <![CDATA[java.lang.AssertionError: expected [This is test data 2] but found [There is 1 error]
	at page_objects_test.LoginPageTest.loginTest(LoginPageTest.java:50)
... Removed 34 stack frames]]>
    </failure>
  </testcase> <!-- loginTest -->
  <testcase classname="page_objects_test.LoginPageTest" name="loginTest" time="2.574">
    <failure type="java.lang.AssertionError" message="expected [This is test data 3] but found [There is 1 error]">
      <![CDATA[java.lang.AssertionError: expected [This is test data 3] but found [There is 1 error]
	at page_objects_test.LoginPageTest.loginTest(LoginPageTest.java:50)
... Removed 34 stack frames]]>
    </failure>
  </testcase> <!-- loginTest -->
  <testcase classname="page_objects_test.HomePageTest" name="searchTest" time="1.665"/>
  <testcase classname="src.main.java.base.BrowserDriver" name="@AfterSuite generateReport" time="0.0">
    <ignored/>
  </testcase> <!-- @AfterSuite generateReport -->
  <testcase classname="src.main.java.base.BrowserDriver" name="@BeforeSuite extentSetup" time="0.0">
    <ignored/>
  </testcase> <!-- @BeforeSuite extentSetup -->
</testsuite> <!-- Ecommerce Home -->
